<?xml version="1.0" encoding="UTF-8"?>
<!-- Generated by org.testng.reporters.JUnitXMLReporter -->
<testsuite hostname="DESKTOP-QPDABEC" ignored="1" name="ChromeTest" tests="11" failures="0" timestamp="22 Jun 2020 18:17:38 GMT" time="67.318" errors="0">
  <testcase name="booking" time="12.654" classname="org.base.test.HotelBooking"/>
  <testcase name="booking" time="10.966" classname="org.base.test.HotelBooking"/>
  <testcase name="booking" time="11.125" classname="org.base.test.HotelBooking"/>
  <testcase name="booking" time="11.58" classname="org.base.test.HotelBooking"/>
  <testcase name="testE" time="0.016" classname="org.base.test.TestD"/>
  <testcase name="testF" time="0.0" classname="org.base.test.TestD"/>
  <testcase name="testB" time="0.003" classname="org.base.test.HotelBooking"/>
  <testcase name="testB" time="0.0" classname="org.base.test.HotelBooking"/>
  <testcase name="testB" time="0.0" classname="org.base.test.HotelBooking"/>
  <testcase name="testB" time="0.0" classname="org.base.test.HotelBooking"/>
  <testcase name="testB" time="0.0" classname="org.base.test.HotelBooking"/>
  <testcase name="testC" time="0.0" classname="org.base.test.HotelBooking">
    <ignored/>
  </testcase> <!-- testC -->
</testsuite> <!-- ChromeTest -->
