<?xml version="1.0" encoding="UTF-8"?>
<!-- Generated by org.testng.reporters.JUnitXMLReporter -->
<testsuite hostname="DESKTOP-QPDABEC" ignored="1" name="ChromeTest" tests="20" failures="1" timestamp="10 Oct 2020 08:24:05 GMT" time="55.591" errors="0">
  <testcase name="booking" time="11.162" classname="org.base.test.HotelBooking"/>
  <testcase name="booking" time="9.868" classname="org.base.test.HotelBooking"/>
  <testcase name="booking" time="9.332" classname="org.base.test.HotelBooking"/>
  <testcase name="booking" time="9.489" classname="org.base.test.HotelBooking"/>
  <testcase name="testB" time="0.0" classname="org.base.test.HotelBooking"/>
  <testcase name="testB" time="0.0" classname="org.base.test.HotelBooking"/>
  <testcase name="testB" time="0.003" classname="org.base.test.HotelBooking"/>
  <testcase name="testB" time="0.006" classname="org.base.test.HotelBooking"/>
  <testcase name="testB" time="0.0" classname="org.base.test.HotelBooking"/>
  <testcase name="testD" time="0.003" classname="org.base.test.HotelBooking">
    <skipped/>
  </testcase> <!-- testD -->
  <testcase name="testD" time="0.0" classname="org.base.test.HotelBooking">
    <skipped/>
  </testcase> <!-- testD -->
  <testcase name="testD" time="0.001" classname="org.base.test.HotelBooking">
    <skipped/>
  </testcase> <!-- testD -->
  <testcase name="testD" time="0.001" classname="org.base.test.HotelBooking">
    <skipped/>
  </testcase> <!-- testD -->
  <testcase name="testD" time="0.003" classname="org.base.test.HotelBooking">
    <skipped/>
  </testcase> <!-- testD -->
  <testcase name="testD" time="0.004" classname="org.base.test.HotelBooking">
    <skipped/>
  </testcase> <!-- testD -->
  <testcase name="testD" time="0.004" classname="org.base.test.HotelBooking">
    <skipped/>
  </testcase> <!-- testD -->
  <testcase name="testD" time="0.001" classname="org.base.test.HotelBooking">
    <skipped/>
  </testcase> <!-- testD -->
  <testcase name="testD" time="0.0" classname="org.base.test.HotelBooking">
    <skipped/>
  </testcase> <!-- testD -->
  <testcase name="testD" time="0.0" classname="org.base.test.HotelBooking">
    <skipped/>
  </testcase> <!-- testD -->
  <testcase name="testD" time="0.0" classname="org.base.test.HotelBooking">
    <failure type="java.lang.ArithmeticException" message="/ by zero">
      <![CDATA[java.lang.ArithmeticException: / by zero
at org.base.test.HotelBooking.testD(HotelBooking.java:218)
... Removed 25 stack frames]]>
    </failure>
  </testcase> <!-- testD -->
  <testcase name="testC" time="0.0" classname="org.base.test.HotelBooking">
    <ignored/>
  </testcase> <!-- testC -->
</testsuite> <!-- ChromeTest -->
