<?xml version="1.0" encoding="UTF-8"?>
<!-- Generated by org.testng.reporters.JUnitXMLReporter -->
<testsuite hostname="DESKTOP-QPDABEC" ignored="1" name="failcheck" tests="9" failures="0" timestamp="16 Sep 2020 02:26:53 GMT" time="13.216" errors="0">
  <testcase name="@BeforeMethod launchHotelUrl" time="0.0" classname="org.base.test.HotelBooking">
    <failure type="java.lang.NullPointerException">
      <![CDATA[java.lang.NullPointerException
at org.base.test.BaseClass.launchUrl(BaseClass.java:65)
at org.base.test.HotelBooking.launchHotelUrl(HotelBooking.java:62)
... Removed 28 stack frames]]>
    </failure>
  </testcase> <!-- @BeforeMethod launchHotelUrl -->
  <testcase name="@BeforeMethod launchHotelUrl" time="0.0" classname="org.base.test.HotelBooking">
    <skipped/>
  </testcase> <!-- @BeforeMethod launchHotelUrl -->
  <testcase name="@BeforeMethod launchHotelUrl" time="0.0" classname="org.base.test.HotelBooking">
    <skipped/>
  </testcase> <!-- @BeforeMethod launchHotelUrl -->
  <testcase name="@BeforeMethod launchHotelUrl" time="0.0" classname="org.base.test.HotelBooking">
    <skipped/>
  </testcase> <!-- @BeforeMethod launchHotelUrl -->
  <testcase name="@BeforeMethod launchHotelUrl" time="0.0" classname="org.base.test.HotelBooking">
    <skipped/>
  </testcase> <!-- @BeforeMethod launchHotelUrl -->
  <testcase name="@BeforeMethod launchHotelUrl" time="0.0" classname="org.base.test.HotelBooking">
    <skipped/>
  </testcase> <!-- @BeforeMethod launchHotelUrl -->
  <testcase name="@BeforeMethod launchHotelUrl" time="0.0" classname="org.base.test.HotelBooking">
    <skipped/>
  </testcase> <!-- @BeforeMethod launchHotelUrl -->
  <testcase name="@BeforeMethod launchHotelUrl" time="0.0" classname="org.base.test.HotelBooking">
    <skipped/>
  </testcase> <!-- @BeforeMethod launchHotelUrl -->
  <testcase name="@BeforeMethod launchHotelUrl" time="0.0" classname="org.base.test.HotelBooking">
    <skipped/>
  </testcase> <!-- @BeforeMethod launchHotelUrl -->
  <testcase name="@AfterClass closeBrowser" time="0.0" classname="org.base.test.HotelBooking">
    <skipped/>
  </testcase> <!-- @AfterClass closeBrowser -->
  <testcase name="booking" time="0.0" classname="org.base.test.HotelBooking">
    <skipped/>
  </testcase> <!-- booking -->
  <testcase name="booking" time="0.0" classname="org.base.test.HotelBooking">
    <skipped/>
  </testcase> <!-- booking -->
  <testcase name="booking" time="0.0" classname="org.base.test.HotelBooking">
    <skipped/>
  </testcase> <!-- booking -->
  <testcase name="booking" time="0.0" classname="org.base.test.HotelBooking">
    <skipped/>
  </testcase> <!-- booking -->
  <testcase name="testB" time="0.0" classname="org.base.test.HotelBooking">
    <skipped/>
  </testcase> <!-- testB -->
  <testcase name="testB" time="0.0" classname="org.base.test.HotelBooking">
    <skipped/>
  </testcase> <!-- testB -->
  <testcase name="testB" time="0.0" classname="org.base.test.HotelBooking">
    <skipped/>
  </testcase> <!-- testB -->
  <testcase name="testB" time="0.001" classname="org.base.test.HotelBooking">
    <skipped/>
  </testcase> <!-- testB -->
  <testcase name="testB" time="0.0" classname="org.base.test.HotelBooking">
    <skipped/>
  </testcase> <!-- testB -->
  <testcase name="testC" time="0.0" classname="org.base.test.HotelBooking">
    <ignored/>
  </testcase> <!-- testC -->
</testsuite> <!-- failcheck -->
