<?xml version="1.0" encoding="UTF-8"?>
<!-- Generated by org.testng.reporters.JUnitXMLReporter -->
<testsuite hostname="DESKTOP-QPDABEC" ignored="1" name="FirefoxTest" tests="11" failures="0" timestamp="20 Jun 2020 15:08:48 GMT" time="51.213" errors="0">
  <testcase name="booking" time="10.802" classname="org.base.test.HotelBooking"/>
  <testcase name="booking" time="10.167" classname="org.base.test.HotelBooking"/>
  <testcase name="booking" time="10.397" classname="org.base.test.HotelBooking"/>
  <testcase name="booking" time="10.046" classname="org.base.test.HotelBooking"/>
  <testcase name="testE" time="0.001" classname="org.base.test.TestD"/>
  <testcase name="testF" time="0.0" classname="org.base.test.TestD"/>
  <testcase name="testB" time="0.0" classname="org.base.test.HotelBooking"/>
  <testcase name="testB" time="0.0" classname="org.base.test.HotelBooking"/>
  <testcase name="testB" time="0.0" classname="org.base.test.HotelBooking"/>
  <testcase name="testB" time="0.0" classname="org.base.test.HotelBooking"/>
  <testcase name="testB" time="0.003" classname="org.base.test.HotelBooking"/>
  <testcase name="testC" time="0.0" classname="org.base.test.HotelBooking">
    <ignored/>
  </testcase> <!-- testC -->
</testsuite> <!-- FirefoxTest -->
