<?xml version="1.0" encoding="UTF-8"?>
<!-- Generated by org.testng.reporters.JUnitXMLReporter -->
<testsuite hostname="DESKTOP-QPDABEC" ignored="1" name="ieTest" tests="11" failures="0" timestamp="22 Jun 2020 18:19:30 GMT" time="111.19" errors="0">
  <testcase name="booking" time="25.413" classname="org.base.test.HotelBooking"/>
  <testcase name="booking" time="24.138" classname="org.base.test.HotelBooking"/>
  <testcase name="booking" time="24.366" classname="org.base.test.HotelBooking"/>
  <testcase name="booking" time="24.677" classname="org.base.test.HotelBooking"/>
  <testcase name="testE" time="0.0" classname="org.base.test.TestD"/>
  <testcase name="testF" time="0.0" classname="org.base.test.TestD"/>
  <testcase name="testB" time="0.0" classname="org.base.test.HotelBooking"/>
  <testcase name="testB" time="0.001" classname="org.base.test.HotelBooking"/>
  <testcase name="testB" time="0.0" classname="org.base.test.HotelBooking"/>
  <testcase name="testB" time="0.0" classname="org.base.test.HotelBooking"/>
  <testcase name="testB" time="0.0" classname="org.base.test.HotelBooking"/>
  <testcase name="testC" time="0.0" classname="org.base.test.HotelBooking">
    <ignored/>
  </testcase> <!-- testC -->
</testsuite> <!-- ieTest -->
