<?xml version="1.0" encoding="UTF-8"?>
<!-- Generated by org.testng.reporters.JUnitXMLReporter -->
<testsuite hostname="DESKTOP-QPDABEC" ignored="1" name="ieTest" tests="11" failures="0" timestamp="22 Jul 2020 13:32:41 GMT" time="0.039" errors="0">
  <testcase name="@BeforeClass launchBrowser" time="0.0" classname="org.base.test.HotelBooking">
    <failure type="org.testng.TestNGException" message="
Parameter &amp;apos;Browser&amp;apos; is required by BeforeClass on method launchBrowser but has not been marked @Optional or defined
in C:\Users\sripriya\Documents\Selenium\Selenium Project\SeleniumFramework\testng.xml">
      <![CDATA[org.testng.TestNGException: 
Parameter 'Browser' is required by BeforeClass on method launchBrowser but has not been marked @Optional or defined
in C:\Users\sripriya\Documents\Selenium\Selenium Project\SeleniumFramework\testng.xml
... Removed 23 stack frames]]>
    </failure>
  </testcase> <!-- @BeforeClass launchBrowser -->
  <testcase name="@BeforeMethod launchHotelUrl" time="0.0" classname="org.base.test.HotelBooking">
    <skipped/>
  </testcase> <!-- @BeforeMethod launchHotelUrl -->
  <testcase name="@BeforeMethod launchHotelUrl" time="0.0" classname="org.base.test.HotelBooking">
    <skipped/>
  </testcase> <!-- @BeforeMethod launchHotelUrl -->
  <testcase name="@BeforeMethod launchHotelUrl" time="0.0" classname="org.base.test.HotelBooking">
    <skipped/>
  </testcase> <!-- @BeforeMethod launchHotelUrl -->
  <testcase name="@BeforeMethod launchHotelUrl" time="0.0" classname="org.base.test.HotelBooking">
    <skipped/>
  </testcase> <!-- @BeforeMethod launchHotelUrl -->
  <testcase name="@BeforeMethod launchHotelUrl" time="0.0" classname="org.base.test.HotelBooking">
    <skipped/>
  </testcase> <!-- @BeforeMethod launchHotelUrl -->
  <testcase name="@BeforeMethod launchHotelUrl" time="0.0" classname="org.base.test.HotelBooking">
    <skipped/>
  </testcase> <!-- @BeforeMethod launchHotelUrl -->
  <testcase name="@BeforeMethod launchHotelUrl" time="0.0" classname="org.base.test.HotelBooking">
    <skipped/>
  </testcase> <!-- @BeforeMethod launchHotelUrl -->
  <testcase name="@BeforeMethod launchHotelUrl" time="0.0" classname="org.base.test.HotelBooking">
    <skipped/>
  </testcase> <!-- @BeforeMethod launchHotelUrl -->
  <testcase name="@BeforeMethod launchHotelUrl" time="0.0" classname="org.base.test.HotelBooking">
    <skipped/>
  </testcase> <!-- @BeforeMethod launchHotelUrl -->
  <testcase name="@AfterClass closeBrowser" time="0.0" classname="org.base.test.HotelBooking">
    <skipped/>
  </testcase> <!-- @AfterClass closeBrowser -->
  <testcase name="booking" time="0.0" classname="org.base.test.HotelBooking">
    <skipped/>
  </testcase> <!-- booking -->
  <testcase name="booking" time="0.0" classname="org.base.test.HotelBooking">
    <skipped/>
  </testcase> <!-- booking -->
  <testcase name="booking" time="0.0" classname="org.base.test.HotelBooking">
    <skipped/>
  </testcase> <!-- booking -->
  <testcase name="booking" time="0.0" classname="org.base.test.HotelBooking">
    <skipped/>
  </testcase> <!-- booking -->
  <testcase name="testE" time="0.001" classname="org.base.test.TestD"/>
  <testcase name="testF" time="0.001" classname="org.base.test.TestD"/>
  <testcase name="testB" time="0.0" classname="org.base.test.HotelBooking">
    <skipped/>
  </testcase> <!-- testB -->
  <testcase name="testB" time="0.0" classname="org.base.test.HotelBooking">
    <skipped/>
  </testcase> <!-- testB -->
  <testcase name="testB" time="0.0" classname="org.base.test.HotelBooking">
    <skipped/>
  </testcase> <!-- testB -->
  <testcase name="testB" time="0.0" classname="org.base.test.HotelBooking">
    <skipped/>
  </testcase> <!-- testB -->
  <testcase name="testB" time="0.0" classname="org.base.test.HotelBooking">
    <skipped/>
  </testcase> <!-- testB -->
  <testcase name="testC" time="0.0" classname="org.base.test.HotelBooking">
    <ignored/>
  </testcase> <!-- testC -->
</testsuite> <!-- ieTest -->
