<?xml version="1.0" encoding="UTF-8"?>
<!-- Generated by org.testng.reporters.JUnitXMLReporter -->
<testsuite hostname="DESKTOP-QPDABEC" ignored="1" name="Test" tests="7" failures="0" timestamp="13 Jun 2020 05:40:59 GMT" time="46.568" errors="0">
  <testcase name="booking" time="10.411" classname="org.base.test.HotelBooking"/>
  <testcase name="booking" time="8.995" classname="org.base.test.HotelBooking"/>
  <testcase name="booking" time="8.563" classname="org.base.test.HotelBooking"/>
  <testcase name="booking" time="8.477" classname="org.base.test.HotelBooking"/>
  <testcase name="testE" time="0.005" classname="org.base.test.TestD"/>
  <testcase name="testF" time="0.003" classname="org.base.test.TestD"/>
  <testcase name="testB" time="0.003" classname="org.base.test.HotelBooking"/>
  <testcase name="testC" time="0.0" classname="org.base.test.HotelBooking">
    <ignored/>
  </testcase> <!-- testC -->
</testsuite> <!-- Test -->
