<?xml version="1.0" encoding="UTF-8"?>
<!-- Generated by org.testng.reporters.JUnitXMLReporter -->
<testsuite hostname="DESKTOP-QPDABEC" ignored="1" name="ChromeTest" tests="20" failures="1" timestamp="10 Oct 2020 13:57:59 GMT" time="51.072" errors="0">
  <testcase name="booking" time="9.493" classname="org.base.test.HotelBooking"/>
  <testcase name="booking" time="8.914" classname="org.base.test.HotelBooking"/>
  <testcase name="booking" time="9.452" classname="org.base.test.HotelBooking"/>
  <testcase name="booking" time="9.313" classname="org.base.test.HotelBooking"/>
  <testcase name="testB" time="0.001" classname="org.base.test.HotelBooking"/>
  <testcase name="testB" time="0.0" classname="org.base.test.HotelBooking"/>
  <testcase name="testB" time="0.002" classname="org.base.test.HotelBooking"/>
  <testcase name="testB" time="0.001" classname="org.base.test.HotelBooking"/>
  <testcase name="testB" time="0.0" classname="org.base.test.HotelBooking"/>
  <testcase name="testD" time="0.001" classname="org.base.test.HotelBooking">
    <skipped/>
  </testcase> <!-- testD -->
  <testcase name="testD" time="0.003" classname="org.base.test.HotelBooking">
    <skipped/>
  </testcase> <!-- testD -->
  <testcase name="testD" time="0.0" classname="org.base.test.HotelBooking">
    <skipped/>
  </testcase> <!-- testD -->
  <testcase name="testD" time="0.001" classname="org.base.test.HotelBooking">
    <skipped/>
  </testcase> <!-- testD -->
  <testcase name="testD" time="0.001" classname="org.base.test.HotelBooking">
    <skipped/>
  </testcase> <!-- testD -->
  <testcase name="testD" time="0.0" classname="org.base.test.HotelBooking">
    <skipped/>
  </testcase> <!-- testD -->
  <testcase name="testD" time="0.001" classname="org.base.test.HotelBooking">
    <skipped/>
  </testcase> <!-- testD -->
  <testcase name="testD" time="0.0" classname="org.base.test.HotelBooking">
    <skipped/>
  </testcase> <!-- testD -->
  <testcase name="testD" time="0.0" classname="org.base.test.HotelBooking">
    <skipped/>
  </testcase> <!-- testD -->
  <testcase name="testD" time="0.0" classname="org.base.test.HotelBooking">
    <skipped/>
  </testcase> <!-- testD -->
  <testcase name="testD" time="0.001" classname="org.base.test.HotelBooking">
    <failure type="java.lang.ArithmeticException" message="/ by zero">
      <![CDATA[java.lang.ArithmeticException: / by zero
at org.base.test.HotelBooking.testD(HotelBooking.java:218)
... Removed 28 stack frames]]>
    </failure>
  </testcase> <!-- testD -->
  <testcase name="testC" time="0.0" classname="org.base.test.HotelBooking">
    <ignored/>
  </testcase> <!-- testC -->
</testsuite> <!-- ChromeTest -->
