<?xml version="1.0" encoding="UTF-8"?>
<!-- Generated by org.testng.reporters.JUnitXMLReporter -->
<testsuite hostname="DESKTOP-QPDABEC" ignored="3" name="ChromeTest(failed)" tests="11" failures="1" timestamp="10 Oct 2020 08:12:38 GMT" time="9.066" errors="0">
  <testcase name="testD" time="0.011" classname="org.base.test.HotelBooking">
    <skipped/>
  </testcase> <!-- testD -->
  <testcase name="testD" time="0.002" classname="org.base.test.HotelBooking">
    <skipped/>
  </testcase> <!-- testD -->
  <testcase name="testD" time="0.002" classname="org.base.test.HotelBooking">
    <skipped/>
  </testcase> <!-- testD -->
  <testcase name="testD" time="0.001" classname="org.base.test.HotelBooking">
    <skipped/>
  </testcase> <!-- testD -->
  <testcase name="testD" time="0.003" classname="org.base.test.HotelBooking">
    <skipped/>
  </testcase> <!-- testD -->
  <testcase name="testD" time="0.004" classname="org.base.test.HotelBooking">
    <skipped/>
  </testcase> <!-- testD -->
  <testcase name="testD" time="0.002" classname="org.base.test.HotelBooking">
    <skipped/>
  </testcase> <!-- testD -->
  <testcase name="testD" time="0.003" classname="org.base.test.HotelBooking">
    <skipped/>
  </testcase> <!-- testD -->
  <testcase name="testD" time="0.002" classname="org.base.test.HotelBooking">
    <skipped/>
  </testcase> <!-- testD -->
  <testcase name="testD" time="0.001" classname="org.base.test.HotelBooking">
    <skipped/>
  </testcase> <!-- testD -->
  <testcase name="testD" time="0.001" classname="org.base.test.HotelBooking">
    <failure type="java.lang.ArithmeticException" message="/ by zero">
      <![CDATA[java.lang.ArithmeticException: / by zero
at org.base.test.HotelBooking.testD(HotelBooking.java:218)
... Removed 25 stack frames]]>
    </failure>
  </testcase> <!-- testD -->
  <testcase name="testB" time="0.0" classname="org.base.test.HotelBooking">
    <ignored/>
  </testcase> <!-- testB -->
  <testcase name="testC" time="0.0" classname="org.base.test.HotelBooking">
    <ignored/>
  </testcase> <!-- testC -->
  <testcase name="booking" time="0.0" classname="org.base.test.HotelBooking">
    <ignored/>
  </testcase> <!-- booking -->
</testsuite> <!-- ChromeTest(failed) -->
